<?xml version="1.0" encoding="UTF-8"?>
<coverage generated="1697444079581" clover="3.2.0">
  <project timestamp="1697444079581" name="All files">
    <metrics statements="21" coveredstatements="21" conditionals="14" coveredconditionals="14" methods="8" coveredmethods="8" elements="43" coveredelements="43" complexity="0" loc="21" ncloc="21" packages="1" files="1" classes="1"/>
    <file name="stock-tdd.js" path="/Users/shantanusingh/Documents/CSC307/csc307-tdd-asgn/stock-tdd.js">
      <metrics statements="21" coveredstatements="21" conditionals="14" coveredconditionals="14" methods="8" coveredmethods="8"/>
      <line num="3" count="13" type="stmt"/>
      <line num="7" count="2" type="cond" truecount="2" falsecount="0"/>
      <line num="8" count="1" type="stmt"/>
      <line num="10" count="1" type="stmt"/>
      <line num="14" count="2" type="stmt"/>
      <line num="18" count="3" type="cond" truecount="2" falsecount="0"/>
      <line num="19" count="2" type="cond" truecount="2" falsecount="0"/>
      <line num="20" count="1" type="stmt"/>
      <line num="22" count="2" type="stmt"/>
      <line num="27" count="2" type="cond" truecount="4" falsecount="0"/>
      <line num="28" count="1" type="stmt"/>
      <line num="29" count="1" type="stmt"/>
      <line num="31" count="1" type="stmt"/>
      <line num="36" count="2" type="cond" truecount="2" falsecount="0"/>
      <line num="37" count="1" type="stmt"/>
      <line num="39" count="1" type="stmt"/>
      <line num="43" count="2" type="stmt"/>
      <line num="44" count="7" type="cond" truecount="2" falsecount="0"/>
      <line num="45" count="2" type="stmt"/>
      <line num="53" count="1" type="stmt"/>
      <line num="54" count="1" type="stmt"/>
    </file>
  </project>
</coverage>
