TN:
SF:stock-tdd.js
FN:2,(anonymous_0)
FN:6,(anonymous_1)
FN:13,(anonymous_2)
FN:17,(anonymous_3)
FN:26,(anonymous_4)
FN:35,(anonymous_5)
FN:42,(anonymous_6)
FN:52,(anonymous_7)
FNF:8
FNH:8
FNDA:13,(anonymous_0)
FNDA:2,(anonymous_1)
FNDA:2,(anonymous_2)
FNDA:3,(anonymous_3)
FNDA:2,(anonymous_4)
FNDA:2,(anonymous_5)
FNDA:2,(anonymous_6)
FNDA:1,(anonymous_7)
DA:3,13
DA:7,2
DA:8,1
DA:10,1
DA:14,2
DA:18,3
DA:19,2
DA:20,1
DA:22,2
DA:27,2
DA:28,1
DA:29,1
DA:31,1
DA:36,2
DA:37,1
DA:39,1
DA:43,2
DA:44,7
DA:45,2
DA:53,1
DA:54,1
LF:21
LH:21
BRDA:7,0,0,1
BRDA:7,0,1,1
BRDA:18,1,0,2
BRDA:18,1,1,1
BRDA:19,2,0,1
BRDA:19,2,1,1
BRDA:27,3,0,1
BRDA:27,3,1,1
BRDA:27,4,0,2
BRDA:27,4,1,2
BRDA:36,5,0,1
BRDA:36,5,1,1
BRDA:44,6,0,2
BRDA:44,6,1,5
BRF:14
BRH:14
end_of_record
