TN:
SF:stock-tdd.js
FN:2,(anonymous_0)
FN:6,(anonymous_1)
FN:13,(anonymous_2)
FN:17,(anonymous_3)
FN:27,(anonymous_4)
FN:36,(anonymous_5)
FN:43,(anonymous_6)
FN:53,(anonymous_7)
FNF:8
FNH:8
FNDA:13,(anonymous_0)
FNDA:2,(anonymous_1)
FNDA:2,(anonymous_2)
FNDA:3,(anonymous_3)
FNDA:2,(anonymous_4)
FNDA:2,(anonymous_5)
FNDA:2,(anonymous_6)
FNDA:1,(anonymous_7)
DA:3,13
DA:7,2
DA:8,1
DA:10,1
DA:14,2
DA:18,3
DA:19,2
DA:20,1
DA:22,1
DA:28,2
DA:29,1
DA:30,1
DA:32,1
DA:37,2
DA:38,1
DA:40,1
DA:44,2
DA:45,7
DA:46,2
DA:54,1
DA:55,1
LF:21
LH:21
BRDA:7,0,0,1
BRDA:7,0,1,1
BRDA:18,1,0,2
BRDA:18,1,1,1
BRDA:19,2,0,1
BRDA:19,2,1,1
BRDA:28,3,0,1
BRDA:28,3,1,1
BRDA:28,4,0,2
BRDA:28,4,1,2
BRDA:37,5,0,1
BRDA:37,5,1,1
BRDA:45,6,0,2
BRDA:45,6,1,5
BRF:14
BRH:14
end_of_record
